<?xml version="1.0" encoding="UTF-8"?>
<!-- Generated by org.testng.reporters.JUnitXMLReporter -->
<testsuite ignored="0" hostname="LAPTOP-1N3TH4EI" failures="0" tests="2" name="ParallelTest" time="43.053" errors="0" timestamp="2024-02-28T11:35:17 IST">
  <testcase classname="interviewQuetions.GoogleAutomation" name="bookATicketOnMakeMyTrip" time="42.92"/>
  <testcase classname="interviewQuetions.GoogleAutomation" name="googleAutomationOfVideo" time="42.967"/>
</testsuite> <!-- ParallelTest -->
