<?xml version="1.0" encoding="UTF-8"?>
<testng-results ignored="0" total="1" passed="1" failed="0" skipped="0">
  <reporter-output>
  </reporter-output>
  <suite started-at="2024-03-12T19:42:45 IST" name="Default suite" finished-at="2024-03-12T19:42:57 IST" duration-ms="12788">
    <groups>
    </groups>
    <test started-at="2024-03-12T19:42:45 IST" name="Default test" finished-at="2024-03-12T19:42:57 IST" duration-ms="12788">
      <class name="newPackage.RestAssuredNewV1">
        <test-method signature="getUsers()[pri:0, instance:newPackage.RestAssuredNewV1@6dc17b83]" started-at="2024-03-12T19:42:45 IST" name="getUsers" finished-at="2024-03-12T19:42:57 IST" duration-ms="12633" status="PASS">
          <reporter-output>
          </reporter-output>
        </test-method> <!-- getUsers -->
      </class> <!-- newPackage.RestAssuredNewV1 -->
    </test> <!-- Default test -->
  </suite> <!-- Default suite -->
</testng-results>
